[+] Containers:
 |- [+] Container: /Game/Levels/Construction_Site
 |   |- [+] ActorDescs:
 |   |   |- Guid:1ABC2FFF48254EC0570C5DA6F0CAF9C4 BaseClass: NativeClass:/Script/Landscape.LandscapeStreamingProxy Name:LandscapeStreamingProxy_674METQ5NYCQUX6T1JWZB9QLS_126_2_3_0 Label:LandscapeStreamingProxy_2_3_0 SpatiallyLoaded:1 Bounds:IsValid=true, Min=(X=0.000 Y=12600.000 Z=-7.812), Max=(X=12600.000 Y=25200.000 Z=192.188) RuntimeGrid:None EditorOnly:0 RuntimeOnly:0 HLODRelevant:1
 |   |   |- Guid:1C88D5514BF9472F649DC99457BF9D6B BaseClass: NativeClass:/Script/Landscape.LandscapeStreamingProxy Name:LandscapeStreamingProxy_674METQ5NYCQUX6T1JWZB9QLS_126_0_0_0 Label:LandscapeStreamingProxy_0_0_0 SpatiallyLoaded:1 Bounds:IsValid=true, Min=(X=-25200.000 Y=-25200.000 Z=-915.625), Max=(X=-12600.000 Y=-12600.000 Z=92.188) RuntimeGrid:None EditorOnly:0 RuntimeOnly:0 HLODRelevant:1
 |   |   |- Guid:211E223548081FEAAEEE558A9D49013F BaseClass: NativeClass:/Script/Landscape.LandscapeStreamingProxy Name:LandscapeStreamingProxy_674METQ5NYCQUX6T1JWZB9QLS_126_3_0_0 Label:LandscapeStreamingProxy_3_0_0 SpatiallyLoaded:1 Bounds:IsValid=true, Min=(X=12600.000 Y=-25200.000 Z=-7.812), Max=(X=25200.000 Y=-12600.000 Z=192.188) RuntimeGrid:None EditorOnly:0 RuntimeOnly:0 HLODRelevant:1
 |   |   |- Guid:21ABCA6F4432B6FADF7054BF1621F25C BaseClass: NativeClass:/Script/Landscape.LandscapeStreamingProxy Name:LandscapeStreamingProxy_674METQ5NYCQUX6T1JWZB9QLS_126_1_3_0 Label:LandscapeStreamingProxy_1_3_0 SpatiallyLoaded:1 Bounds:IsValid=true, Min=(X=-12600.000 Y=12600.000 Z=-7.812), Max=(X=0.000 Y=25200.000 Z=192.188) RuntimeGrid:None EditorOnly:0 RuntimeOnly:0 HLODRelevant:1
 |   |   |- Guid:2BA3954C4F26A0ADA97A4FB54C5D9E77 BaseClass: NativeClass:/Script/Landscape.LandscapeStreamingProxy Name:LandscapeStreamingProxy_674METQ5NYCQUX6T1JWZB9QLS_126_0_1_0 Label:LandscapeStreamingProxy_0_1_0 SpatiallyLoaded:1 Bounds:IsValid=true, Min=(X=-25200.000 Y=-12600.000 Z=-7.812), Max=(X=-12600.000 Y=0.000 Z=192.188) RuntimeGrid:None EditorOnly:0 RuntimeOnly:0 HLODRelevant:1
 |   |   |- Guid:482D51CC4176730D155B8997D01C1B83 BaseClass: NativeClass:/Script/Landscape.Landscape Name:Landscape_UAID_088FC330D391246301_1603205040 Label:Landscape SpatiallyLoaded:0 Bounds:IsValid=true, Min=(X=-25200.000 Y=-25200.000 Z=100.000), Max=(X=-25200.000 Y=-25200.000 Z=100.000) RuntimeGrid:None EditorOnly:0 RuntimeOnly:0 HLODRelevant:0
 |   |   |- Guid:57AE222645233FCF17BEAFA0D4C45B35 BaseClass: NativeClass:/Script/Landscape.LandscapeStreamingProxy Name:LandscapeStreamingProxy_674METQ5NYCQUX6T1JWZB9QLS_126_3_1_0 Label:LandscapeStreamingProxy_3_1_0 SpatiallyLoaded:1 Bounds:IsValid=true, Min=(X=12600.000 Y=-12600.000 Z=-7.812), Max=(X=25200.000 Y=0.000 Z=192.188) RuntimeGrid:None EditorOnly:0 RuntimeOnly:0 HLODRelevant:1
 |   |   |- Guid:92B4B4A14A8F887363C37C871F1A4D79 BaseClass: NativeClass:/Script/Landscape.LandscapeStreamingProxy Name:LandscapeStreamingProxy_674METQ5NYCQUX6T1JWZB9QLS_126_0_3_0 Label:LandscapeStreamingProxy_0_3_0 SpatiallyLoaded:1 Bounds:IsValid=true, Min=(X=-25200.000 Y=12600.000 Z=-7.812), Max=(X=-12600.000 Y=25200.000 Z=192.188) RuntimeGrid:None EditorOnly:0 RuntimeOnly:0 HLODRelevant:1
 |   |   |- Guid:9A22B9DB4306771D2BC290841B22BD7C BaseClass: NativeClass:/Script/Landscape.LandscapeStreamingProxy Name:LandscapeStreamingProxy_674METQ5NYCQUX6T1JWZB9QLS_126_2_-1_0 Label:LandscapeStreamingProxy_2_-1_0 SpatiallyLoaded:1 Bounds:IsValid=true, Min=(X=0.000 Y=-31500.000 Z=-7.812), Max=(X=12600.000 Y=-25200.000 Z=192.188) RuntimeGrid:None EditorOnly:0 RuntimeOnly:0 HLODRelevant:1
 |   |   |- Guid:9B03054449C5D3AA91ED728CE9708818 BaseClass: NativeClass:/Script/Landscape.LandscapeStreamingProxy Name:LandscapeStreamingProxy_674METQ5NYCQUX6T1JWZB9QLS_126_1_1_0 Label:LandscapeStreamingProxy_1_1_0 SpatiallyLoaded:1 Bounds:IsValid=true, Min=(X=-12600.000 Y=-12600.000 Z=84.375), Max=(X=0.000 Y=0.000 Z=92.188) RuntimeGrid:None EditorOnly:0 RuntimeOnly:0 HLODRelevant:1
 |   |   |- Guid:A9D124754ED8993DA4CAC280F2D7C8F4 BaseClass: NativeClass:/Script/Landscape.LandscapeStreamingProxy Name:LandscapeStreamingProxy_674METQ5NYCQUX6T1JWZB9QLS_126_0_-1_0 Label:LandscapeStreamingProxy_0_-1_0 SpatiallyLoaded:1 Bounds:IsValid=true, Min=(X=-25200.000 Y=-31500.000 Z=-385.156), Max=(X=-12600.000 Y=-25200.000 Z=192.188) RuntimeGrid:None EditorOnly:0 RuntimeOnly:0 HLODRelevant:1
 |   |   |- Guid:AA5DC51F4732D67D3B8A6981225437BA BaseClass: NativeClass:/Script/Landscape.LandscapeStreamingProxy Name:LandscapeStreamingProxy_674METQ5NYCQUX6T1JWZB9QLS_126_3_-1_0 Label:LandscapeStreamingProxy_3_-1_0 SpatiallyLoaded:1 Bounds:IsValid=true, Min=(X=12600.000 Y=-31500.000 Z=87.500), Max=(X=25200.000 Y=-25200.000 Z=92.188) RuntimeGrid:None EditorOnly:0 RuntimeOnly:0 HLODRelevant:1
 |   |   |- Guid:B51ECF264FFC66BDEA08F9BE8368D003 BaseClass: NativeClass:/Script/Landscape.LandscapeStreamingProxy Name:LandscapeStreamingProxy_674METQ5NYCQUX6T1JWZB9QLS_126_0_2_0 Label:LandscapeStreamingProxy_0_2_0 SpatiallyLoaded:1 Bounds:IsValid=true, Min=(X=-25200.000 Y=0.000 Z=-7.812), Max=(X=-12600.000 Y=12600.000 Z=192.188) RuntimeGrid:None EditorOnly:0 RuntimeOnly:0 HLODRelevant:1
 |   |   |- Guid:BDD666BF46BE3ED23AFE2EBF6C545AEA BaseClass: NativeClass:/Script/Landscape.LandscapeStreamingProxy Name:LandscapeStreamingProxy_674METQ5NYCQUX6T1JWZB9QLS_126_3_2_0 Label:LandscapeStreamingProxy_3_2_0 SpatiallyLoaded:1 Bounds:IsValid=true, Min=(X=12600.000 Y=0.000 Z=-7.812), Max=(X=25200.000 Y=12600.000 Z=192.188) RuntimeGrid:None EditorOnly:0 RuntimeOnly:0 HLODRelevant:1
 |   |   |- Guid:BE45C6CB43CA102EEA795CBDCD8F0C1F BaseClass: NativeClass:/Script/Landscape.LandscapeStreamingProxy Name:LandscapeStreamingProxy_674METQ5NYCQUX6T1JWZB9QLS_126_2_1_0 Label:LandscapeStreamingProxy_2_1_0 SpatiallyLoaded:1 Bounds:IsValid=true, Min=(X=0.000 Y=-12600.000 Z=86.719), Max=(X=12600.000 Y=0.000 Z=92.188) RuntimeGrid:None EditorOnly:0 RuntimeOnly:0 HLODRelevant:1
 |   |   |- Guid:C8F0D8F548FBD867A7E33EBD2BF17006 BaseClass: NativeClass:/Script/Engine.WorldDataLayers Name:WorldDataLayers Label:WorldDataLayers SpatiallyLoaded:0 Bounds:IsValid=true, Min=(X=0.000 Y=0.000 Z=0.000), Max=(X=0.000 Y=0.000 Z=0.000) RuntimeGrid:None EditorOnly:0 RuntimeOnly:0 HLODRelevant:0
 |   |   |- Guid:D08F15F1458A5E4935FDDDBAFDF3025E BaseClass: NativeClass:/Script/Landscape.LandscapeStreamingProxy Name:LandscapeStreamingProxy_674METQ5NYCQUX6T1JWZB9QLS_126_1_2_0 Label:LandscapeStreamingProxy_1_2_0 SpatiallyLoaded:1 Bounds:IsValid=true, Min=(X=-12600.000 Y=0.000 Z=-7.812), Max=(X=0.000 Y=12600.000 Z=192.188) RuntimeGrid:None EditorOnly:0 RuntimeOnly:0 HLODRelevant:1
 |   |   |- Guid:E36FC3894647B109336C23AC5052A0DF BaseClass: NativeClass:/Script/Landscape.LandscapeStreamingProxy Name:LandscapeStreamingProxy_674METQ5NYCQUX6T1JWZB9QLS_126_1_-1_0 Label:LandscapeStreamingProxy_1_-1_0 SpatiallyLoaded:1 Bounds:IsValid=true, Min=(X=-12600.000 Y=-31500.000 Z=-1829.688), Max=(X=0.000 Y=-25200.000 Z=92.188) RuntimeGrid:None EditorOnly:0 RuntimeOnly:0 HLODRelevant:1
 |   |   |- Guid:E5A5DAC04C0FA2EE070D4489BF3CC0D6 BaseClass: NativeClass:/Script/Landscape.LandscapeStreamingProxy Name:LandscapeStreamingProxy_674METQ5NYCQUX6T1JWZB9QLS_126_1_0_0 Label:LandscapeStreamingProxy_1_0_0 SpatiallyLoaded:1 Bounds:IsValid=true, Min=(X=-12600.000 Y=-25200.000 Z=-3100.000), Max=(X=0.000 Y=-12600.000 Z=92.188) RuntimeGrid:None EditorOnly:0 RuntimeOnly:0 HLODRelevant:1
 |   |   |- Guid:EF212D13468A686572D47A8D0101EABE BaseClass: NativeClass:/Script/Landscape.LandscapeStreamingProxy Name:LandscapeStreamingProxy_674METQ5NYCQUX6T1JWZB9QLS_126_2_0_0 Label:LandscapeStreamingProxy_2_0_0 SpatiallyLoaded:1 Bounds:IsValid=true, Min=(X=0.000 Y=-25200.000 Z=-3181.250), Max=(X=12600.000 Y=-12600.000 Z=92.188) RuntimeGrid:None EditorOnly:0 RuntimeOnly:0 HLODRelevant:1
 |   |   |- Guid:FD5AF4F44AAC4BCF7B2D1ABD0CA0A0DB BaseClass: NativeClass:/Script/Landscape.LandscapeStreamingProxy Name:LandscapeStreamingProxy_674METQ5NYCQUX6T1JWZB9QLS_126_2_2_0 Label:LandscapeStreamingProxy_2_2_0 SpatiallyLoaded:1 Bounds:IsValid=true, Min=(X=0.000 Y=0.000 Z=-7.812), Max=(X=12600.000 Y=12600.000 Z=192.188) RuntimeGrid:None EditorOnly:0 RuntimeOnly:0 HLODRelevant:1
 |   |   |- Guid:FFBC1DAD4AE9FD6275B76A9D7DBEBF3A BaseClass: NativeClass:/Script/Landscape.LandscapeStreamingProxy Name:LandscapeStreamingProxy_674METQ5NYCQUX6T1JWZB9QLS_126_3_3_0 Label:LandscapeStreamingProxy_3_3_0 SpatiallyLoaded:1 Bounds:IsValid=true, Min=(X=12600.000 Y=12600.000 Z=-7.812), Max=(X=25200.000 Y=25200.000 Z=192.188) RuntimeGrid:None EditorOnly:0 RuntimeOnly:0 HLODRelevant:1
 |   |- [+] Clusters:
 |   |   |- [+] [  0]
 |   |   |   |- Guid:57AE222645233FCF17BEAFA0D4C45B35 BaseClass: NativeClass:/Script/Landscape.LandscapeStreamingProxy Name:LandscapeStreamingProxy_674METQ5NYCQUX6T1JWZB9QLS_126_3_1_0 Label:LandscapeStreamingProxy_3_1_0 SpatiallyLoaded:1 Bounds:IsValid=true, Min=(X=12600.000 Y=-12600.000 Z=-7.812), Max=(X=25200.000 Y=0.000 Z=192.188) RuntimeGrid:None EditorOnly:0 RuntimeOnly:0 HLODRelevant:1
 |   |   |- [+] [  1]
 |   |   |   |- Guid:1ABC2FFF48254EC0570C5DA6F0CAF9C4 BaseClass: NativeClass:/Script/Landscape.LandscapeStreamingProxy Name:LandscapeStreamingProxy_674METQ5NYCQUX6T1JWZB9QLS_126_2_3_0 Label:LandscapeStreamingProxy_2_3_0 SpatiallyLoaded:1 Bounds:IsValid=true, Min=(X=0.000 Y=12600.000 Z=-7.812), Max=(X=12600.000 Y=25200.000 Z=192.188) RuntimeGrid:None EditorOnly:0 RuntimeOnly:0 HLODRelevant:1
 |   |   |- [+] [  2]
 |   |   |   |- Guid:9B03054449C5D3AA91ED728CE9708818 BaseClass: NativeClass:/Script/Landscape.LandscapeStreamingProxy Name:LandscapeStreamingProxy_674METQ5NYCQUX6T1JWZB9QLS_126_1_1_0 Label:LandscapeStreamingProxy_1_1_0 SpatiallyLoaded:1 Bounds:IsValid=true, Min=(X=-12600.000 Y=-12600.000 Z=84.375), Max=(X=0.000 Y=0.000 Z=92.188) RuntimeGrid:None EditorOnly:0 RuntimeOnly:0 HLODRelevant:1
 |   |   |- [+] [  3]
 |   |   |   |- Guid:92B4B4A14A8F887363C37C871F1A4D79 BaseClass: NativeClass:/Script/Landscape.LandscapeStreamingProxy Name:LandscapeStreamingProxy_674METQ5NYCQUX6T1JWZB9QLS_126_0_3_0 Label:LandscapeStreamingProxy_0_3_0 SpatiallyLoaded:1 Bounds:IsValid=true, Min=(X=-25200.000 Y=12600.000 Z=-7.812), Max=(X=-12600.000 Y=25200.000 Z=192.188) RuntimeGrid:None EditorOnly:0 RuntimeOnly:0 HLODRelevant:1
 |   |   |- [+] [  4]
 |   |   |   |- Guid:FD5AF4F44AAC4BCF7B2D1ABD0CA0A0DB BaseClass: NativeClass:/Script/Landscape.LandscapeStreamingProxy Name:LandscapeStreamingProxy_674METQ5NYCQUX6T1JWZB9QLS_126_2_2_0 Label:LandscapeStreamingProxy_2_2_0 SpatiallyLoaded:1 Bounds:IsValid=true, Min=(X=0.000 Y=0.000 Z=-7.812), Max=(X=12600.000 Y=12600.000 Z=192.188) RuntimeGrid:None EditorOnly:0 RuntimeOnly:0 HLODRelevant:1
 |   |   |- [+] [  5]
 |   |   |   |- Guid:482D51CC4176730D155B8997D01C1B83 BaseClass: NativeClass:/Script/Landscape.Landscape Name:Landscape_UAID_088FC330D391246301_1603205040 Label:Landscape SpatiallyLoaded:0 Bounds:IsValid=true, Min=(X=-25200.000 Y=-25200.000 Z=100.000), Max=(X=-25200.000 Y=-25200.000 Z=100.000) RuntimeGrid:None EditorOnly:0 RuntimeOnly:0 HLODRelevant:0
 |   |   |- [+] [  6]
 |   |   |   |- Guid:C8F0D8F548FBD867A7E33EBD2BF17006 BaseClass: NativeClass:/Script/Engine.WorldDataLayers Name:WorldDataLayers Label:WorldDataLayers SpatiallyLoaded:0 Bounds:IsValid=true, Min=(X=0.000 Y=0.000 Z=0.000), Max=(X=0.000 Y=0.000 Z=0.000) RuntimeGrid:None EditorOnly:0 RuntimeOnly:0 HLODRelevant:0
 |   |   |- [+] [  7]
 |   |   |   |- Guid:1C88D5514BF9472F649DC99457BF9D6B BaseClass: NativeClass:/Script/Landscape.LandscapeStreamingProxy Name:LandscapeStreamingProxy_674METQ5NYCQUX6T1JWZB9QLS_126_0_0_0 Label:LandscapeStreamingProxy_0_0_0 SpatiallyLoaded:1 Bounds:IsValid=true, Min=(X=-25200.000 Y=-25200.000 Z=-915.625), Max=(X=-12600.000 Y=-12600.000 Z=92.188) RuntimeGrid:None EditorOnly:0 RuntimeOnly:0 HLODRelevant:1
 |   |   |- [+] [  8]
 |   |   |   |- Guid:BE45C6CB43CA102EEA795CBDCD8F0C1F BaseClass: NativeClass:/Script/Landscape.LandscapeStreamingProxy Name:LandscapeStreamingProxy_674METQ5NYCQUX6T1JWZB9QLS_126_2_1_0 Label:LandscapeStreamingProxy_2_1_0 SpatiallyLoaded:1 Bounds:IsValid=true, Min=(X=0.000 Y=-12600.000 Z=86.719), Max=(X=12600.000 Y=0.000 Z=92.188) RuntimeGrid:None EditorOnly:0 RuntimeOnly:0 HLODRelevant:1
 |   |   |- [+] [  9]
 |   |   |   |- Guid:EF212D13468A686572D47A8D0101EABE BaseClass: NativeClass:/Script/Landscape.LandscapeStreamingProxy Name:LandscapeStreamingProxy_674METQ5NYCQUX6T1JWZB9QLS_126_2_0_0 Label:LandscapeStreamingProxy_2_0_0 SpatiallyLoaded:1 Bounds:IsValid=true, Min=(X=0.000 Y=-25200.000 Z=-3181.250), Max=(X=12600.000 Y=-12600.000 Z=92.188) RuntimeGrid:None EditorOnly:0 RuntimeOnly:0 HLODRelevant:1
 |   |   |- [+] [ 10]
 |   |   |   |- Guid:BDD666BF46BE3ED23AFE2EBF6C545AEA BaseClass: NativeClass:/Script/Landscape.LandscapeStreamingProxy Name:LandscapeStreamingProxy_674METQ5NYCQUX6T1JWZB9QLS_126_3_2_0 Label:LandscapeStreamingProxy_3_2_0 SpatiallyLoaded:1 Bounds:IsValid=true, Min=(X=12600.000 Y=0.000 Z=-7.812), Max=(X=25200.000 Y=12600.000 Z=192.188) RuntimeGrid:None EditorOnly:0 RuntimeOnly:0 HLODRelevant:1
 |   |   |- [+] [ 11]
 |   |   |   |- Guid:2BA3954C4F26A0ADA97A4FB54C5D9E77 BaseClass: NativeClass:/Script/Landscape.LandscapeStreamingProxy Name:LandscapeStreamingProxy_674METQ5NYCQUX6T1JWZB9QLS_126_0_1_0 Label:LandscapeStreamingProxy_0_1_0 SpatiallyLoaded:1 Bounds:IsValid=true, Min=(X=-25200.000 Y=-12600.000 Z=-7.812), Max=(X=-12600.000 Y=0.000 Z=192.188) RuntimeGrid:None EditorOnly:0 RuntimeOnly:0 HLODRelevant:1
 |   |   |- [+] [ 12]
 |   |   |   |- Guid:B51ECF264FFC66BDEA08F9BE8368D003 BaseClass: NativeClass:/Script/Landscape.LandscapeStreamingProxy Name:LandscapeStreamingProxy_674METQ5NYCQUX6T1JWZB9QLS_126_0_2_0 Label:LandscapeStreamingProxy_0_2_0 SpatiallyLoaded:1 Bounds:IsValid=true, Min=(X=-25200.000 Y=0.000 Z=-7.812), Max=(X=-12600.000 Y=12600.000 Z=192.188) RuntimeGrid:None EditorOnly:0 RuntimeOnly:0 HLODRelevant:1
 |   |   |- [+] [ 13]
 |   |   |   |- Guid:E5A5DAC04C0FA2EE070D4489BF3CC0D6 BaseClass: NativeClass:/Script/Landscape.LandscapeStreamingProxy Name:LandscapeStreamingProxy_674METQ5NYCQUX6T1JWZB9QLS_126_1_0_0 Label:LandscapeStreamingProxy_1_0_0 SpatiallyLoaded:1 Bounds:IsValid=true, Min=(X=-12600.000 Y=-25200.000 Z=-3100.000), Max=(X=0.000 Y=-12600.000 Z=92.188) RuntimeGrid:None EditorOnly:0 RuntimeOnly:0 HLODRelevant:1
 |   |   |- [+] [ 14]
 |   |   |   |- Guid:D08F15F1458A5E4935FDDDBAFDF3025E BaseClass: NativeClass:/Script/Landscape.LandscapeStreamingProxy Name:LandscapeStreamingProxy_674METQ5NYCQUX6T1JWZB9QLS_126_1_2_0 Label:LandscapeStreamingProxy_1_2_0 SpatiallyLoaded:1 Bounds:IsValid=true, Min=(X=-12600.000 Y=0.000 Z=-7.812), Max=(X=0.000 Y=12600.000 Z=192.188) RuntimeGrid:None EditorOnly:0 RuntimeOnly:0 HLODRelevant:1
 |   |   |- [+] [ 15]
 |   |   |   |- Guid:211E223548081FEAAEEE558A9D49013F BaseClass: NativeClass:/Script/Landscape.LandscapeStreamingProxy Name:LandscapeStreamingProxy_674METQ5NYCQUX6T1JWZB9QLS_126_3_0_0 Label:LandscapeStreamingProxy_3_0_0 SpatiallyLoaded:1 Bounds:IsValid=true, Min=(X=12600.000 Y=-25200.000 Z=-7.812), Max=(X=25200.000 Y=-12600.000 Z=192.188) RuntimeGrid:None EditorOnly:0 RuntimeOnly:0 HLODRelevant:1
 |   |   |- [+] [ 16]
 |   |   |   |- Guid:FFBC1DAD4AE9FD6275B76A9D7DBEBF3A BaseClass: NativeClass:/Script/Landscape.LandscapeStreamingProxy Name:LandscapeStreamingProxy_674METQ5NYCQUX6T1JWZB9QLS_126_3_3_0 Label:LandscapeStreamingProxy_3_3_0 SpatiallyLoaded:1 Bounds:IsValid=true, Min=(X=12600.000 Y=12600.000 Z=-7.812), Max=(X=25200.000 Y=25200.000 Z=192.188) RuntimeGrid:None EditorOnly:0 RuntimeOnly:0 HLODRelevant:1
 |   |   |- [+] [ 17]
 |   |   |   |- Guid:21ABCA6F4432B6FADF7054BF1621F25C BaseClass: NativeClass:/Script/Landscape.LandscapeStreamingProxy Name:LandscapeStreamingProxy_674METQ5NYCQUX6T1JWZB9QLS_126_1_3_0 Label:LandscapeStreamingProxy_1_3_0 SpatiallyLoaded:1 Bounds:IsValid=true, Min=(X=-12600.000 Y=12600.000 Z=-7.812), Max=(X=0.000 Y=25200.000 Z=192.188) RuntimeGrid:None EditorOnly:0 RuntimeOnly:0 HLODRelevant:1
 |   |   |- [+] [ 18]
 |   |   |   |- Guid:AA5DC51F4732D67D3B8A6981225437BA BaseClass: NativeClass:/Script/Landscape.LandscapeStreamingProxy Name:LandscapeStreamingProxy_674METQ5NYCQUX6T1JWZB9QLS_126_3_-1_0 Label:LandscapeStreamingProxy_3_-1_0 SpatiallyLoaded:1 Bounds:IsValid=true, Min=(X=12600.000 Y=-31500.000 Z=87.500), Max=(X=25200.000 Y=-25200.000 Z=92.188) RuntimeGrid:None EditorOnly:0 RuntimeOnly:0 HLODRelevant:1
 |   |   |- [+] [ 19]
 |   |   |   |- Guid:9A22B9DB4306771D2BC290841B22BD7C BaseClass: NativeClass:/Script/Landscape.LandscapeStreamingProxy Name:LandscapeStreamingProxy_674METQ5NYCQUX6T1JWZB9QLS_126_2_-1_0 Label:LandscapeStreamingProxy_2_-1_0 SpatiallyLoaded:1 Bounds:IsValid=true, Min=(X=0.000 Y=-31500.000 Z=-7.812), Max=(X=12600.000 Y=-25200.000 Z=192.188) RuntimeGrid:None EditorOnly:0 RuntimeOnly:0 HLODRelevant:1
 |   |   |- [+] [ 20]
 |   |   |   |- Guid:E36FC3894647B109336C23AC5052A0DF BaseClass: NativeClass:/Script/Landscape.LandscapeStreamingProxy Name:LandscapeStreamingProxy_674METQ5NYCQUX6T1JWZB9QLS_126_1_-1_0 Label:LandscapeStreamingProxy_1_-1_0 SpatiallyLoaded:1 Bounds:IsValid=true, Min=(X=-12600.000 Y=-31500.000 Z=-1829.688), Max=(X=0.000 Y=-25200.000 Z=92.188) RuntimeGrid:None EditorOnly:0 RuntimeOnly:0 HLODRelevant:1
 |   |   |- [+] [ 21]
 |   |   |   |- Guid:A9D124754ED8993DA4CAC280F2D7C8F4 BaseClass: NativeClass:/Script/Landscape.LandscapeStreamingProxy Name:LandscapeStreamingProxy_674METQ5NYCQUX6T1JWZB9QLS_126_0_-1_0 Label:LandscapeStreamingProxy_0_-1_0 SpatiallyLoaded:1 Bounds:IsValid=true, Min=(X=-25200.000 Y=-31500.000 Z=-385.156), Max=(X=-12600.000 Y=-25200.000 Z=192.188) RuntimeGrid:None EditorOnly:0 RuntimeOnly:0 HLODRelevant:1
 |- ContainerInstances:
 |- [+] MainContainer:
 |   |-        ID: 0x0000000000000000
 |   |-    Bounds: IsValid=true, Min=(X=-25200.000 Y=-31500.000 Z=-3181.250), Max=(X=25200.000 Y=25200.000 Z=192.188)
 |   |- Transform: 0.000000,0.000000,0.000000|0.000000,0.000000,-0.000000|1.000000,1.000000,1.000000
 |   |- Container: /Game/Levels/Construction_Site
----------------------------------------------------------------------------------------------------------------
Construction_Site - Persistent Level
----------------------------------------------------------------------------------------------------------------
Always loaded Actor Count: 29 

----------------------------------------------------------------------------------------------------------------
Construction_Site - Runtime Spatial Hash - Streaming Grid - MainGrid
----------------------------------------------------------------------------------------------------------------
            Origin: X=0.000 Y=0.000 Z=0.000
         Cell Size: 12800
      World Bounds: IsValid=true, Min=(X=-25200.000 Y=-31500.000 Z=-3181.250), Max=(X=25200.000 Y=25200.000 Z=192.188)
     Loading Range: 25600.00
Block Slow Loading: No
 ClientOnlyVisible: No

[+] Grid Levels: 4
 |- Level  0: Cell Count   20 | Cell Size   12800 | Actor Count   20 (100.0%)
 |- Level  1: Cell Count    0 | Cell Size   25600 | Actor Count    0 (0.0%)
 |- Level  2: Cell Count    0 | Cell Size   51200 | Actor Count    0 (0.0%)
 |- Level  3: Cell Count    0 | Cell Size  102400 | Actor Count    0 (0.0%)

[+] Content of Grid Level 0
 |- [+] Content of Cell MainGrid_L0_X1_Y-1
 |   |- Actor Count: 1
 |   |- MinMaxZ: X=-7.812 Y=192.188
 |   |- Actor Path: /Game/Levels/Construction_Site.Construction_Site:PersistentLevel.LandscapeStreamingProxy_674METQ5NYCQUX6T1JWZB9QLS_126_3_1_0
 |   |- Actor Package: /Game/__ExternalActors__/Levels/Construction_Site/3/92/E7QYFUQAGP4HSBU80IJ1YA
 |- [+] Content of Cell MainGrid_L0_X0_Y1
 |   |- Actor Count: 1
 |   |- MinMaxZ: X=-7.812 Y=192.188
 |   |- Actor Path: /Game/Levels/Construction_Site.Construction_Site:PersistentLevel.LandscapeStreamingProxy_674METQ5NYCQUX6T1JWZB9QLS_126_2_3_0
 |   |- Actor Package: /Game/__ExternalActors__/Levels/Construction_Site/3/QK/2W8UGZ2IHXOOOZZ3JH5B4J
 |- [+] Content of Cell MainGrid_L0_X-1_Y-1
 |   |- Actor Count: 1
 |   |- MinMaxZ: X=84.375 Y=92.188
 |   |- Actor Path: /Game/Levels/Construction_Site.Construction_Site:PersistentLevel.LandscapeStreamingProxy_674METQ5NYCQUX6T1JWZB9QLS_126_1_1_0
 |   |- Actor Package: /Game/__ExternalActors__/Levels/Construction_Site/4/6Q/SK1B6Y9LTDGZR4QE42I6FP
 |- [+] Content of Cell MainGrid_L0_X-2_Y1
 |   |- Actor Count: 1
 |   |- MinMaxZ: X=-7.812 Y=192.188
 |   |- Actor Path: /Game/Levels/Construction_Site.Construction_Site:PersistentLevel.LandscapeStreamingProxy_674METQ5NYCQUX6T1JWZB9QLS_126_0_3_0
 |   |- Actor Package: /Game/__ExternalActors__/Levels/Construction_Site/4/AO/IQPLZ4M2JG1D0BYIR9MWEN
 |- [+] Content of Cell MainGrid_L0_X0_Y0
 |   |- Actor Count: 1
 |   |- MinMaxZ: X=-7.812 Y=192.188
 |   |- Actor Path: /Game/Levels/Construction_Site.Construction_Site:PersistentLevel.LandscapeStreamingProxy_674METQ5NYCQUX6T1JWZB9QLS_126_2_2_0
 |   |- Actor Package: /Game/__ExternalActors__/Levels/Construction_Site/6/G5/IDQOKB2XT303W1L0MTB44L
 |- [+] Content of Cell MainGrid_L0_X-2_Y-2
 |   |- Actor Count: 1
 |   |- MinMaxZ: X=-915.625 Y=92.188
 |   |- Actor Path: /Game/Levels/Construction_Site.Construction_Site:PersistentLevel.LandscapeStreamingProxy_674METQ5NYCQUX6T1JWZB9QLS_126_0_0_0
 |   |- Actor Package: /Game/__ExternalActors__/Levels/Construction_Site/A/CB/J66F6N0KB2AMR8FGHDHS6T
 |- [+] Content of Cell MainGrid_L0_X0_Y-1
 |   |- Actor Count: 1
 |   |- MinMaxZ: X=86.719 Y=92.188
 |   |- Actor Path: /Game/Levels/Construction_Site.Construction_Site:PersistentLevel.LandscapeStreamingProxy_674METQ5NYCQUX6T1JWZB9QLS_126_2_1_0
 |   |- Actor Package: /Game/__ExternalActors__/Levels/Construction_Site/A/RZ/R8526A0D2D06QHETYOO3N2
 |- [+] Content of Cell MainGrid_L0_X0_Y-2
 |   |- Actor Count: 1
 |   |- MinMaxZ: X=-3181.250 Y=92.188
 |   |- Actor Path: /Game/Levels/Construction_Site.Construction_Site:PersistentLevel.LandscapeStreamingProxy_674METQ5NYCQUX6T1JWZB9QLS_126_2_0_0
 |   |- Actor Package: /Game/__ExternalActors__/Levels/Construction_Site/B/LC/QRZZ1LKTPZMPH9QLPHHDEP
 |- [+] Content of Cell MainGrid_L0_X1_Y0
 |   |- Actor Count: 1
 |   |- MinMaxZ: X=-7.812 Y=192.188
 |   |- Actor Path: /Game/Levels/Construction_Site.Construction_Site:PersistentLevel.LandscapeStreamingProxy_674METQ5NYCQUX6T1JWZB9QLS_126_3_2_0
 |   |- Actor Package: /Game/__ExternalActors__/Levels/Construction_Site/B/S0/FMKC5G5VUIN19KOWPUMJG1
 |- [+] Content of Cell MainGrid_L0_X-2_Y-1
 |   |- Actor Count: 1
 |   |- MinMaxZ: X=-7.812 Y=192.188
 |   |- Actor Path: /Game/Levels/Construction_Site.Construction_Site:PersistentLevel.LandscapeStreamingProxy_674METQ5NYCQUX6T1JWZB9QLS_126_0_1_0
 |   |- Actor Package: /Game/__ExternalActors__/Levels/Construction_Site/B/TW/A8GTYPK5DHT83W4CTJ7WUJ
 |- [+] Content of Cell MainGrid_L0_X-2_Y0
 |   |- Actor Count: 1
 |   |- MinMaxZ: X=-7.812 Y=192.188
 |   |- Actor Path: /Game/Levels/Construction_Site.Construction_Site:PersistentLevel.LandscapeStreamingProxy_674METQ5NYCQUX6T1JWZB9QLS_126_0_2_0
 |   |- Actor Package: /Game/__ExternalActors__/Levels/Construction_Site/D/1O/N11ZUHKVJ22V1O117LMMZW
 |- [+] Content of Cell MainGrid_L0_X-1_Y-2
 |   |- Actor Count: 1
 |   |- MinMaxZ: X=-3100.000 Y=92.188
 |   |- Actor Path: /Game/Levels/Construction_Site.Construction_Site:PersistentLevel.LandscapeStreamingProxy_674METQ5NYCQUX6T1JWZB9QLS_126_1_0_0
 |   |- Actor Package: /Game/__ExternalActors__/Levels/Construction_Site/D/PB/XH4RPWBXKNW9TANU5QF5SJ
 |- [+] Content of Cell MainGrid_L0_X-1_Y0
 |   |- Actor Count: 1
 |   |- MinMaxZ: X=-7.812 Y=192.188
 |   |- Actor Path: /Game/Levels/Construction_Site.Construction_Site:PersistentLevel.LandscapeStreamingProxy_674METQ5NYCQUX6T1JWZB9QLS_126_1_2_0
 |   |- Actor Package: /Game/__ExternalActors__/Levels/Construction_Site/D/RB/X7S0SHDH8UKTJ50HFC6ROS
 |- [+] Content of Cell MainGrid_L0_X1_Y-2
 |   |- Actor Count: 1
 |   |- MinMaxZ: X=-7.812 Y=192.188
 |   |- Actor Path: /Game/Levels/Construction_Site.Construction_Site:PersistentLevel.LandscapeStreamingProxy_674METQ5NYCQUX6T1JWZB9QLS_126_3_0_0
 |   |- Actor Package: /Game/__ExternalActors__/Levels/Construction_Site/D/RN/45HT476YZEQAH54K3TQHK3
 |- [+] Content of Cell MainGrid_L0_X1_Y1
 |   |- Actor Count: 1
 |   |- MinMaxZ: X=-7.812 Y=192.188
 |   |- Actor Path: /Game/Levels/Construction_Site.Construction_Site:PersistentLevel.LandscapeStreamingProxy_674METQ5NYCQUX6T1JWZB9QLS_126_3_3_0
 |   |- Actor Package: /Game/__ExternalActors__/Levels/Construction_Site/D/ZC/48OAF5B40LVJMHZ9LG7YLI
 |- [+] Content of Cell MainGrid_L0_X-1_Y1
 |   |- Actor Count: 1
 |   |- MinMaxZ: X=-7.812 Y=192.188
 |   |- Actor Path: /Game/Levels/Construction_Site.Construction_Site:PersistentLevel.LandscapeStreamingProxy_674METQ5NYCQUX6T1JWZB9QLS_126_1_3_0
 |   |- Actor Package: /Game/__ExternalActors__/Levels/Construction_Site/E/L6/0LKK8QNI6SQSESXK5VWXOF
 |- [+] Content of Cell MainGrid_L0_X1_Y-3
 |   |- Actor Count: 1
 |   |- MinMaxZ: X=87.500 Y=92.188
 |   |- Actor Path: /Game/Levels/Construction_Site.Construction_Site:PersistentLevel.LandscapeStreamingProxy_674METQ5NYCQUX6T1JWZB9QLS_126_3_-1_0
 |   |- Actor Package: /Game/__ExternalActors__/Levels/Construction_Site/4/OG/RNWWIB2WMRCGHNC0S73W2O
 |- [+] Content of Cell MainGrid_L0_X0_Y-3
 |   |- Actor Count: 1
 |   |- MinMaxZ: X=-7.812 Y=192.188
 |   |- Actor Path: /Game/Levels/Construction_Site.Construction_Site:PersistentLevel.LandscapeStreamingProxy_674METQ5NYCQUX6T1JWZB9QLS_126_2_-1_0
 |   |- Actor Package: /Game/__ExternalActors__/Levels/Construction_Site/E/YS/RSANS0PLFL1J6FWG1M0J66
 |- [+] Content of Cell MainGrid_L0_X-1_Y-3
 |   |- Actor Count: 1
 |   |- MinMaxZ: X=-1829.688 Y=92.188
 |   |- Actor Path: /Game/Levels/Construction_Site.Construction_Site:PersistentLevel.LandscapeStreamingProxy_674METQ5NYCQUX6T1JWZB9QLS_126_1_-1_0
 |   |- Actor Package: /Game/__ExternalActors__/Levels/Construction_Site/E/8E/P58QAJFQ3MH1PTAW1PLK5G
 |- [+] Content of Cell MainGrid_L0_X-2_Y-3
 |   |- Actor Count: 1
 |   |- MinMaxZ: X=-385.156 Y=192.188
 |   |- Actor Path: /Game/Levels/Construction_Site.Construction_Site:PersistentLevel.LandscapeStreamingProxy_674METQ5NYCQUX6T1JWZB9QLS_126_0_-1_0
 |   |- Actor Package: /Game/__ExternalActors__/Levels/Construction_Site/0/JM/CYJH97OIKLLQSNDSUUXT8N
[+] Content of Grid Level 1
[+] Content of Grid Level 2
[+] Content of Grid Level 3

