[+] Containers:
 |- [+] Container: /Game/Levels/Construction_Site
 |   |- [+] ActorDescs:
 |   |   |- Guid:1231FC2E4BD7B4704F221D8F797BA063 BaseClass: NativeClass:/Script/Engine.VolumetricCloud Name:VolumetricCloud_UAID_088FC330D391286301_2025222750 Label:VolumetricCloud SpatiallyLoaded:0 Bounds:IsValid=true, Min=(X=-5930.000 Y=-19400.000 Z=1390.000), Max=(X=-5930.000 Y=-19400.000 Z=1390.000) RuntimeGrid:None EditorOnly:0 RuntimeOnly:0 HLODRelevant:0 FolderPath:Sky Atmosphere FolderGuid:5C8AF7154F4F5CA6431AA1BF7EF7CB8C
 |   |   |- Guid:1ABC2FFF48254EC0570C5DA6F0CAF9C4 BaseClass: NativeClass:/Script/Landscape.LandscapeStreamingProxy Name:LandscapeStreamingProxy_674METQ5NYCQUX6T1JWZB9QLS_126_2_3_0 Label:LandscapeStreamingProxy_2_3_0 SpatiallyLoaded:1 Bounds:IsValid=true, Min=(X=-17640.000 Y=-13860.000 Z=-1227.031), Max=(X=-13860.000 Y=-10080.000 Z=96.953) RuntimeGrid:None EditorOnly:0 RuntimeOnly:0 HLODRelevant:1
 |   |   |- Guid:1C88D5514BF9472F649DC99457BF9D6B BaseClass: NativeClass:/Script/Landscape.LandscapeStreamingProxy Name:LandscapeStreamingProxy_674METQ5NYCQUX6T1JWZB9QLS_126_0_0_0 Label:LandscapeStreamingProxy_0_0_0 SpatiallyLoaded:1 Bounds:IsValid=true, Min=(X=-25200.000 Y=-25200.000 Z=-205.625), Max=(X=-21420.000 Y=-21420.000 Z=96.953) RuntimeGrid:None EditorOnly:0 RuntimeOnly:0 HLODRelevant:1
 |   |   |- Guid:211E223548081FEAAEEE558A9D49013F BaseClass: NativeClass:/Script/Landscape.LandscapeStreamingProxy Name:LandscapeStreamingProxy_674METQ5NYCQUX6T1JWZB9QLS_126_3_0_0 Label:LandscapeStreamingProxy_3_0_0 SpatiallyLoaded:1 Bounds:IsValid=true, Min=(X=-13860.000 Y=-25200.000 Z=95.312), Max=(X=-10080.000 Y=-21420.000 Z=96.953) RuntimeGrid:None EditorOnly:0 RuntimeOnly:0 HLODRelevant:1
 |   |   |- Guid:21ABCA6F4432B6FADF7054BF1621F25C BaseClass: NativeClass:/Script/Landscape.LandscapeStreamingProxy Name:LandscapeStreamingProxy_674METQ5NYCQUX6T1JWZB9QLS_126_1_3_0 Label:LandscapeStreamingProxy_1_3_0 SpatiallyLoaded:1 Bounds:IsValid=true, Min=(X=-21420.000 Y=-13860.000 Z=-1265.469), Max=(X=-17640.000 Y=-10080.000 Z=96.953) RuntimeGrid:None EditorOnly:0 RuntimeOnly:0 HLODRelevant:1
 |   |   |- Guid:23C674144D9F435A844B7FA6C23FC5AA BaseClass: NativeClass:/Script/Engine.DirectionalLight Name:DirectionalLight_UAID_088FC330D391296301_1505398934 Label:DirectionalLight SpatiallyLoaded:0 Bounds:IsValid=true, Min=(X=-4398046511104.000 Y=-4398046511104.000 Z=-4398046511104.000), Max=(X=4398046511104.000 Y=4398046511104.000 Z=4398046511104.000) RuntimeGrid:None EditorOnly:0 RuntimeOnly:0 HLODRelevant:0 FolderPath:Sky Atmosphere FolderGuid:5C8AF7154F4F5CA6431AA1BF7EF7CB8C
 |   |   |- Guid:27895B384EBF333359E927BE98BDC3DF BaseClass: NativeClass:/Script/Engine.StaticMeshActor Name:StaticMeshActor_UAID_088FC330D3912B6301_1534299288 Label:Pillar4 SpatiallyLoaded:1 Bounds:IsValid=true, Min=(X=-12760.000 Y=-19810.000 Z=57.500), Max=(X=-12660.000 Y=-19710.000 Z=1682.500) RuntimeGrid:None EditorOnly:0 RuntimeOnly:0 HLODRelevant:1 FolderPath:Materials/Pillars FolderGuid:4C05D4A14B3A0138033E11ADD05942BC
 |   |   |- Guid:2BA3954C4F26A0ADA97A4FB54C5D9E77 BaseClass: NativeClass:/Script/Landscape.LandscapeStreamingProxy Name:LandscapeStreamingProxy_674METQ5NYCQUX6T1JWZB9QLS_126_0_1_0 Label:LandscapeStreamingProxy_0_1_0 SpatiallyLoaded:1 Bounds:IsValid=true, Min=(X=-25200.000 Y=-21420.000 Z=66.953), Max=(X=-21420.000 Y=-17640.000 Z=126.953) RuntimeGrid:None EditorOnly:0 RuntimeOnly:0 HLODRelevant:1
 |   |   |- Guid:3BACC18443F7EC914945FBAC462EAD4B BaseClass: NativeClass:/Script/Engine.StaticMeshActor Name:StaticMeshActor_UAID_088FC330D3912D6301_1205502650 Label:Cube2 SpatiallyLoaded:1 Bounds:IsValid=true, Min=(X=-12759.550 Y=-21838.958 Z=932.249), Max=(X=-12411.291 Y=-21590.481 Z=1156.089) RuntimeGrid:None EditorOnly:0 RuntimeOnly:0 HLODRelevant:1 FolderPath:Materials/Stairs FolderGuid:5FE2DF254CE9BD910448D0A51D1F549E
 |   |   |- Guid:409B195D4627539F47CF50B97D2E2B52 BaseClass: NativeClass:/Script/Engine.StaticMeshActor Name:StaticMeshActor_UAID_088FC330D3912C6301_1745813472 Label:Cube6 SpatiallyLoaded:1 Bounds:IsValid=true, Min=(X=-12805.945 Y=-21906.744 Z=872.283), Max=(X=-11396.354 Y=-19822.741 Z=934.318) RuntimeGrid:None EditorOnly:0 RuntimeOnly:0 HLODRelevant:1 FolderPath:Materials/Floor FolderGuid:17555D9F4C6BE16FD635BBA38BFF3361
 |   |   |- Guid:482D51CC4176730D155B8997D01C1B83 BaseClass: NativeClass:/Script/Landscape.Landscape Name:Landscape_UAID_088FC330D391246301_1603205040 Label:Landscape SpatiallyLoaded:0 Bounds:IsValid=true, Min=(X=-25200.000 Y=-25200.000 Z=100.000), Max=(X=-25200.000 Y=-25200.000 Z=100.000) RuntimeGrid:None EditorOnly:0 RuntimeOnly:0 HLODRelevant:0
 |   |   |- Guid:4CBFB7C147C38B8C807EE0AFB7B68004 BaseClass: NativeClass:/Script/Engine.ExponentialHeightFog Name:ExponentialHeightFog_UAID_088FC330D391286301_2032221751 Label:ExponentialHeightFog SpatiallyLoaded:0 Bounds:IsValid=true, Min=(X=-5960.000 Y=-19180.000 Z=1350.000), Max=(X=-5960.000 Y=-19180.000 Z=1350.000) RuntimeGrid:None EditorOnly:0 RuntimeOnly:0 HLODRelevant:0 FolderPath:Sky Atmosphere FolderGuid:5C8AF7154F4F5CA6431AA1BF7EF7CB8C
 |   |   |- Guid:53D2CB6D4F56B9B7319B21BDDBDF70C6 BaseClass: NativeClass:/Script/Engine.SkyAtmosphere Name:SkyAtmosphere_UAID_088FC330D391286301_1886659747 Label:SkyAtmosphere SpatiallyLoaded:0 Bounds:IsValid=true, Min=(X=-5280.000 Y=-19730.000 Z=2470.000), Max=(X=-5280.000 Y=-19730.000 Z=2470.000) RuntimeGrid:None EditorOnly:0 RuntimeOnly:0 HLODRelevant:0 FolderPath:Sky Atmosphere FolderGuid:5C8AF7154F4F5CA6431AA1BF7EF7CB8C
 |   |   |- Guid:57AE222645233FCF17BEAFA0D4C45B35 BaseClass: NativeClass:/Script/Landscape.LandscapeStreamingProxy Name:LandscapeStreamingProxy_674METQ5NYCQUX6T1JWZB9QLS_126_3_1_0 Label:LandscapeStreamingProxy_3_1_0 SpatiallyLoaded:1 Bounds:IsValid=true, Min=(X=-13860.000 Y=-21420.000 Z=54.766), Max=(X=-10080.000 Y=-17640.000 Z=850.469) RuntimeGrid:None EditorOnly:0 RuntimeOnly:0 HLODRelevant:1
 |   |   |- Guid:8A32B11F412C0D56360A82BD38E04F2C BaseClass: NativeClass:/Script/Engine.StaticMeshActor Name:StaticMeshActor_UAID_088FC330D3912B6301_1479135287 Label:Pillar SpatiallyLoaded:1 Bounds:IsValid=true, Min=(X=-11490.000 Y=-19810.000 Z=57.500), Max=(X=-11390.000 Y=-19710.000 Z=1682.500) RuntimeGrid:None EditorOnly:0 RuntimeOnly:0 HLODRelevant:1 FolderPath:Materials/Pillars FolderGuid:4C05D4A14B3A0138033E11ADD05942BC
 |   |   |- Guid:8A50B96A4D0258251D36AB8BA69D1EAD BaseClass: NativeClass:/Script/Engine.StaticMeshActor Name:StaticMeshActor_UAID_088FC330D3912B6301_1580735290 Label:Pillar2 SpatiallyLoaded:1 Bounds:IsValid=true, Min=(X=-12780.000 Y=-22010.000 Z=57.500), Max=(X=-12680.000 Y=-21910.000 Z=1682.500) RuntimeGrid:None EditorOnly:0 RuntimeOnly:0 HLODRelevant:1 FolderPath:Materials/Pillars FolderGuid:4C05D4A14B3A0138033E11ADD05942BC
 |   |   |- Guid:8ED771374D9DADEEF15F13930DFE5C7C BaseClass: NativeClass:/Script/Engine.StaticMeshActor Name:StaticMeshActor_UAID_088FC330D3912D6301_1113715649 Label:Cube SpatiallyLoaded:1 Bounds:IsValid=true, Min=(X=-12759.550 Y=-21592.448 Z=933.156), Max=(X=-12411.291 Y=-21343.970 Z=1030.913) RuntimeGrid:None EditorOnly:0 RuntimeOnly:0 HLODRelevant:1 FolderPath:Materials/Stairs FolderGuid:5FE2DF254CE9BD910448D0A51D1F549E
 |   |   |- Guid:9212F8114C33E140EB8ADFBC89517B1B BaseClass: NativeClass:/Script/Engine.StaticMeshActor Name:StaticMeshActor_UAID_088FC330D3912D6301_1318754651 Label:Cube3 SpatiallyLoaded:1 Bounds:IsValid=true, Min=(X=-12040.189 Y=-21838.958 Z=932.369), Max=(X=-11747.441 Y=-21590.481 Z=1147.692) RuntimeGrid:None EditorOnly:0 RuntimeOnly:0 HLODRelevant:1 FolderPath:Materials/Stairs FolderGuid:5FE2DF254CE9BD910448D0A51D1F549E
 |   |   |- Guid:92B4B4A14A8F887363C37C871F1A4D79 BaseClass: NativeClass:/Script/Landscape.LandscapeStreamingProxy Name:LandscapeStreamingProxy_674METQ5NYCQUX6T1JWZB9QLS_126_0_3_0 Label:LandscapeStreamingProxy_0_3_0 SpatiallyLoaded:1 Bounds:IsValid=true, Min=(X=-25200.000 Y=-13860.000 Z=-979.297), Max=(X=-21420.000 Y=-10080.000 Z=96.953) RuntimeGrid:None EditorOnly:0 RuntimeOnly:0 HLODRelevant:1
 |   |   |- Guid:9A22B9DB4306771D2BC290841B22BD7C BaseClass: NativeClass:/Script/Landscape.LandscapeStreamingProxy Name:LandscapeStreamingProxy_674METQ5NYCQUX6T1JWZB9QLS_126_2_-1_0 Label:LandscapeStreamingProxy_2_-1_0 SpatiallyLoaded:1 Bounds:IsValid=true, Min=(X=-17640.000 Y=-27090.000 Z=90.391), Max=(X=-13860.000 Y=-25200.000 Z=96.953) RuntimeGrid:None EditorOnly:0 RuntimeOnly:0 HLODRelevant:1
 |   |   |- Guid:9B03054449C5D3AA91ED728CE9708818 BaseClass: NativeClass:/Script/Landscape.LandscapeStreamingProxy Name:LandscapeStreamingProxy_674METQ5NYCQUX6T1JWZB9QLS_126_1_1_0 Label:LandscapeStreamingProxy_1_1_0 SpatiallyLoaded:1 Bounds:IsValid=true, Min=(X=-21420.000 Y=-21420.000 Z=-7.812), Max=(X=-17640.000 Y=-17640.000 Z=96.953) RuntimeGrid:None EditorOnly:0 RuntimeOnly:0 HLODRelevant:1
 |   |   |- Guid:A9D124754ED8993DA4CAC280F2D7C8F4 BaseClass: NativeClass:/Script/Landscape.LandscapeStreamingProxy Name:LandscapeStreamingProxy_674METQ5NYCQUX6T1JWZB9QLS_126_0_-1_0 Label:LandscapeStreamingProxy_0_-1_0 SpatiallyLoaded:1 Bounds:IsValid=true, Min=(X=-25200.000 Y=-27090.000 Z=-45.547), Max=(X=-21420.000 Y=-25200.000 Z=96.953) RuntimeGrid:None EditorOnly:0 RuntimeOnly:0 HLODRelevant:1
 |   |   |- Guid:AA5DC51F4732D67D3B8A6981225437BA BaseClass: NativeClass:/Script/Landscape.LandscapeStreamingProxy Name:LandscapeStreamingProxy_674METQ5NYCQUX6T1JWZB9QLS_126_3_-1_0 Label:LandscapeStreamingProxy_3_-1_0 SpatiallyLoaded:1 Bounds:IsValid=true, Min=(X=-13860.000 Y=-27090.000 Z=94.844), Max=(X=-10080.000 Y=-25200.000 Z=96.953) RuntimeGrid:None EditorOnly:0 RuntimeOnly:0 HLODRelevant:1
 |   |   |- Guid:B0C9BD5E49BBF571B6235D855B88C2E5 BaseClass: NativeClass:/Script/Engine.StaticMeshActor Name:StaticMeshActor_UAID_088FC330D3912B6301_1573186289 Label:Pillar3 SpatiallyLoaded:1 Bounds:IsValid=true, Min=(X=-11490.000 Y=-22010.000 Z=57.500), Max=(X=-11390.000 Y=-21910.000 Z=1682.500) RuntimeGrid:None EditorOnly:0 RuntimeOnly:0 HLODRelevant:1 FolderPath:Materials/Pillars FolderGuid:4C05D4A14B3A0138033E11ADD05942BC
 |   |   |- Guid:B51ECF264FFC66BDEA08F9BE8368D003 BaseClass: NativeClass:/Script/Landscape.LandscapeStreamingProxy Name:LandscapeStreamingProxy_674METQ5NYCQUX6T1JWZB9QLS_126_0_2_0 Label:LandscapeStreamingProxy_0_2_0 SpatiallyLoaded:1 Bounds:IsValid=true, Min=(X=-25200.000 Y=-17640.000 Z=-874.531), Max=(X=-21420.000 Y=-13860.000 Z=96.953) RuntimeGrid:None EditorOnly:0 RuntimeOnly:0 HLODRelevant:1
 |   |   |- Guid:BDD666BF46BE3ED23AFE2EBF6C545AEA BaseClass: NativeClass:/Script/Landscape.LandscapeStreamingProxy Name:LandscapeStreamingProxy_674METQ5NYCQUX6T1JWZB9QLS_126_3_2_0 Label:LandscapeStreamingProxy_3_2_0 SpatiallyLoaded:1 Bounds:IsValid=true, Min=(X=-13860.000 Y=-17640.000 Z=-635.000), Max=(X=-10080.000 Y=-13860.000 Z=872.969) RuntimeGrid:None EditorOnly:0 RuntimeOnly:0 HLODRelevant:1
 |   |   |- Guid:BE45C6CB43CA102EEA795CBDCD8F0C1F BaseClass: NativeClass:/Script/Landscape.LandscapeStreamingProxy Name:LandscapeStreamingProxy_674METQ5NYCQUX6T1JWZB9QLS_126_2_1_0 Label:LandscapeStreamingProxy_2_1_0 SpatiallyLoaded:1 Bounds:IsValid=true, Min=(X=-17640.000 Y=-21420.000 Z=-60.078), Max=(X=-13860.000 Y=-17640.000 Z=199.141) RuntimeGrid:None EditorOnly:0 RuntimeOnly:0 HLODRelevant:1
 |   |   |- Guid:C8F0D8F548FBD867A7E33EBD2BF17006 BaseClass: NativeClass:/Script/Engine.WorldDataLayers Name:WorldDataLayers Label:WorldDataLayers SpatiallyLoaded:0 Bounds:IsValid=true, Min=(X=0.000 Y=0.000 Z=0.000), Max=(X=0.000 Y=0.000 Z=0.000) RuntimeGrid:None EditorOnly:0 RuntimeOnly:0 HLODRelevant:0
 |   |   |- Guid:D08F15F1458A5E4935FDDDBAFDF3025E BaseClass: NativeClass:/Script/Landscape.LandscapeStreamingProxy Name:LandscapeStreamingProxy_674METQ5NYCQUX6T1JWZB9QLS_126_1_2_0 Label:LandscapeStreamingProxy_1_2_0 SpatiallyLoaded:1 Bounds:IsValid=true, Min=(X=-21420.000 Y=-17640.000 Z=-863.984), Max=(X=-17640.000 Y=-13860.000 Z=96.953) RuntimeGrid:None EditorOnly:0 RuntimeOnly:0 HLODRelevant:1
 |   |   |- Guid:E36FC3894647B109336C23AC5052A0DF BaseClass: NativeClass:/Script/Landscape.LandscapeStreamingProxy Name:LandscapeStreamingProxy_674METQ5NYCQUX6T1JWZB9QLS_126_1_-1_0 Label:LandscapeStreamingProxy_1_-1_0 SpatiallyLoaded:1 Bounds:IsValid=true, Min=(X=-21420.000 Y=-27090.000 Z=-424.297), Max=(X=-17640.000 Y=-25200.000 Z=96.953) RuntimeGrid:None EditorOnly:0 RuntimeOnly:0 HLODRelevant:1
 |   |   |- Guid:E5A5DAC04C0FA2EE070D4489BF3CC0D6 BaseClass: NativeClass:/Script/Landscape.LandscapeStreamingProxy Name:LandscapeStreamingProxy_674METQ5NYCQUX6T1JWZB9QLS_126_1_0_0 Label:LandscapeStreamingProxy_1_0_0 SpatiallyLoaded:1 Bounds:IsValid=true, Min=(X=-21420.000 Y=-25200.000 Z=-861.406), Max=(X=-17640.000 Y=-21420.000 Z=96.953) RuntimeGrid:None EditorOnly:0 RuntimeOnly:0 HLODRelevant:1
 |   |   |- Guid:ED94650748265A7A3CA79C886CA4F441 BaseClass: NativeClass:/Script/Engine.StaticMeshActor Name:StaticMeshActor_UAID_088FC330D3912B6301_1712486293 Label:Cube5 SpatiallyLoaded:1 Bounds:IsValid=true, Min=(X=-12252.078 Y=-19923.893 Z=849.743), Max=(X=-12107.922 Y=-18555.372 Z=967.437) RuntimeGrid:None EditorOnly:0 RuntimeOnly:0 HLODRelevant:1 FolderPath:Materials/Planks FolderGuid:6FC8F41C40C3668043203E9993B3778A
 |   |   |- Guid:EF212D13468A686572D47A8D0101EABE BaseClass: NativeClass:/Script/Landscape.LandscapeStreamingProxy Name:LandscapeStreamingProxy_674METQ5NYCQUX6T1JWZB9QLS_126_2_0_0 Label:LandscapeStreamingProxy_2_0_0 SpatiallyLoaded:1 Bounds:IsValid=true, Min=(X=-17640.000 Y=-25200.000 Z=-873.594), Max=(X=-13860.000 Y=-21420.000 Z=96.953) RuntimeGrid:None EditorOnly:0 RuntimeOnly:0 HLODRelevant:1
 |   |   |- Guid:FD5AF4F44AAC4BCF7B2D1ABD0CA0A0DB BaseClass: NativeClass:/Script/Landscape.LandscapeStreamingProxy Name:LandscapeStreamingProxy_674METQ5NYCQUX6T1JWZB9QLS_126_2_2_0 Label:LandscapeStreamingProxy_2_2_0 SpatiallyLoaded:1 Bounds:IsValid=true, Min=(X=-17640.000 Y=-17640.000 Z=-897.500), Max=(X=-13860.000 Y=-13860.000 Z=292.188) RuntimeGrid:None EditorOnly:0 RuntimeOnly:0 HLODRelevant:1
 |   |   |- Guid:FFBC1DAD4AE9FD6275B76A9D7DBEBF3A BaseClass: NativeClass:/Script/Landscape.LandscapeStreamingProxy Name:LandscapeStreamingProxy_674METQ5NYCQUX6T1JWZB9QLS_126_3_3_0 Label:LandscapeStreamingProxy_3_3_0 SpatiallyLoaded:1 Bounds:IsValid=true, Min=(X=-13860.000 Y=-13860.000 Z=-690.781), Max=(X=-10080.000 Y=-10080.000 Z=289.375) RuntimeGrid:None EditorOnly:0 RuntimeOnly:0 HLODRelevant:1
 |   |- [+] Clusters:
 |   |   |- [+] [  0]
 |   |   |   |- Guid:57AE222645233FCF17BEAFA0D4C45B35 BaseClass: NativeClass:/Script/Landscape.LandscapeStreamingProxy Name:LandscapeStreamingProxy_674METQ5NYCQUX6T1JWZB9QLS_126_3_1_0 Label:LandscapeStreamingProxy_3_1_0 SpatiallyLoaded:1 Bounds:IsValid=true, Min=(X=-13860.000 Y=-21420.000 Z=54.766), Max=(X=-10080.000 Y=-17640.000 Z=850.469) RuntimeGrid:None EditorOnly:0 RuntimeOnly:0 HLODRelevant:1
 |   |   |- [+] [  1]
 |   |   |   |- Guid:1ABC2FFF48254EC0570C5DA6F0CAF9C4 BaseClass: NativeClass:/Script/Landscape.LandscapeStreamingProxy Name:LandscapeStreamingProxy_674METQ5NYCQUX6T1JWZB9QLS_126_2_3_0 Label:LandscapeStreamingProxy_2_3_0 SpatiallyLoaded:1 Bounds:IsValid=true, Min=(X=-17640.000 Y=-13860.000 Z=-1227.031), Max=(X=-13860.000 Y=-10080.000 Z=96.953) RuntimeGrid:None EditorOnly:0 RuntimeOnly:0 HLODRelevant:1
 |   |   |- [+] [  2]
 |   |   |   |- Guid:9B03054449C5D3AA91ED728CE9708818 BaseClass: NativeClass:/Script/Landscape.LandscapeStreamingProxy Name:LandscapeStreamingProxy_674METQ5NYCQUX6T1JWZB9QLS_126_1_1_0 Label:LandscapeStreamingProxy_1_1_0 SpatiallyLoaded:1 Bounds:IsValid=true, Min=(X=-21420.000 Y=-21420.000 Z=-7.812), Max=(X=-17640.000 Y=-17640.000 Z=96.953) RuntimeGrid:None EditorOnly:0 RuntimeOnly:0 HLODRelevant:1
 |   |   |- [+] [  3]
 |   |   |   |- Guid:92B4B4A14A8F887363C37C871F1A4D79 BaseClass: NativeClass:/Script/Landscape.LandscapeStreamingProxy Name:LandscapeStreamingProxy_674METQ5NYCQUX6T1JWZB9QLS_126_0_3_0 Label:LandscapeStreamingProxy_0_3_0 SpatiallyLoaded:1 Bounds:IsValid=true, Min=(X=-25200.000 Y=-13860.000 Z=-979.297), Max=(X=-21420.000 Y=-10080.000 Z=96.953) RuntimeGrid:None EditorOnly:0 RuntimeOnly:0 HLODRelevant:1
 |   |   |- [+] [  4]
 |   |   |   |- Guid:FD5AF4F44AAC4BCF7B2D1ABD0CA0A0DB BaseClass: NativeClass:/Script/Landscape.LandscapeStreamingProxy Name:LandscapeStreamingProxy_674METQ5NYCQUX6T1JWZB9QLS_126_2_2_0 Label:LandscapeStreamingProxy_2_2_0 SpatiallyLoaded:1 Bounds:IsValid=true, Min=(X=-17640.000 Y=-17640.000 Z=-897.500), Max=(X=-13860.000 Y=-13860.000 Z=292.188) RuntimeGrid:None EditorOnly:0 RuntimeOnly:0 HLODRelevant:1
 |   |   |- [+] [  5]
 |   |   |   |- Guid:482D51CC4176730D155B8997D01C1B83 BaseClass: NativeClass:/Script/Landscape.Landscape Name:Landscape_UAID_088FC330D391246301_1603205040 Label:Landscape SpatiallyLoaded:0 Bounds:IsValid=true, Min=(X=-25200.000 Y=-25200.000 Z=100.000), Max=(X=-25200.000 Y=-25200.000 Z=100.000) RuntimeGrid:None EditorOnly:0 RuntimeOnly:0 HLODRelevant:0
 |   |   |- [+] [  6]
 |   |   |   |- Guid:C8F0D8F548FBD867A7E33EBD2BF17006 BaseClass: NativeClass:/Script/Engine.WorldDataLayers Name:WorldDataLayers Label:WorldDataLayers SpatiallyLoaded:0 Bounds:IsValid=true, Min=(X=0.000 Y=0.000 Z=0.000), Max=(X=0.000 Y=0.000 Z=0.000) RuntimeGrid:None EditorOnly:0 RuntimeOnly:0 HLODRelevant:0
 |   |   |- [+] [  7]
 |   |   |   |- Guid:1C88D5514BF9472F649DC99457BF9D6B BaseClass: NativeClass:/Script/Landscape.LandscapeStreamingProxy Name:LandscapeStreamingProxy_674METQ5NYCQUX6T1JWZB9QLS_126_0_0_0 Label:LandscapeStreamingProxy_0_0_0 SpatiallyLoaded:1 Bounds:IsValid=true, Min=(X=-25200.000 Y=-25200.000 Z=-205.625), Max=(X=-21420.000 Y=-21420.000 Z=96.953) RuntimeGrid:None EditorOnly:0 RuntimeOnly:0 HLODRelevant:1
 |   |   |- [+] [  8]
 |   |   |   |- Guid:BE45C6CB43CA102EEA795CBDCD8F0C1F BaseClass: NativeClass:/Script/Landscape.LandscapeStreamingProxy Name:LandscapeStreamingProxy_674METQ5NYCQUX6T1JWZB9QLS_126_2_1_0 Label:LandscapeStreamingProxy_2_1_0 SpatiallyLoaded:1 Bounds:IsValid=true, Min=(X=-17640.000 Y=-21420.000 Z=-60.078), Max=(X=-13860.000 Y=-17640.000 Z=199.141) RuntimeGrid:None EditorOnly:0 RuntimeOnly:0 HLODRelevant:1
 |   |   |- [+] [  9]
 |   |   |   |- Guid:EF212D13468A686572D47A8D0101EABE BaseClass: NativeClass:/Script/Landscape.LandscapeStreamingProxy Name:LandscapeStreamingProxy_674METQ5NYCQUX6T1JWZB9QLS_126_2_0_0 Label:LandscapeStreamingProxy_2_0_0 SpatiallyLoaded:1 Bounds:IsValid=true, Min=(X=-17640.000 Y=-25200.000 Z=-873.594), Max=(X=-13860.000 Y=-21420.000 Z=96.953) RuntimeGrid:None EditorOnly:0 RuntimeOnly:0 HLODRelevant:1
 |   |   |- [+] [ 10]
 |   |   |   |- Guid:BDD666BF46BE3ED23AFE2EBF6C545AEA BaseClass: NativeClass:/Script/Landscape.LandscapeStreamingProxy Name:LandscapeStreamingProxy_674METQ5NYCQUX6T1JWZB9QLS_126_3_2_0 Label:LandscapeStreamingProxy_3_2_0 SpatiallyLoaded:1 Bounds:IsValid=true, Min=(X=-13860.000 Y=-17640.000 Z=-635.000), Max=(X=-10080.000 Y=-13860.000 Z=872.969) RuntimeGrid:None EditorOnly:0 RuntimeOnly:0 HLODRelevant:1
 |   |   |- [+] [ 11]
 |   |   |   |- Guid:2BA3954C4F26A0ADA97A4FB54C5D9E77 BaseClass: NativeClass:/Script/Landscape.LandscapeStreamingProxy Name:LandscapeStreamingProxy_674METQ5NYCQUX6T1JWZB9QLS_126_0_1_0 Label:LandscapeStreamingProxy_0_1_0 SpatiallyLoaded:1 Bounds:IsValid=true, Min=(X=-25200.000 Y=-21420.000 Z=66.953), Max=(X=-21420.000 Y=-17640.000 Z=126.953) RuntimeGrid:None EditorOnly:0 RuntimeOnly:0 HLODRelevant:1
 |   |   |- [+] [ 12]
 |   |   |   |- Guid:B51ECF264FFC66BDEA08F9BE8368D003 BaseClass: NativeClass:/Script/Landscape.LandscapeStreamingProxy Name:LandscapeStreamingProxy_674METQ5NYCQUX6T1JWZB9QLS_126_0_2_0 Label:LandscapeStreamingProxy_0_2_0 SpatiallyLoaded:1 Bounds:IsValid=true, Min=(X=-25200.000 Y=-17640.000 Z=-874.531), Max=(X=-21420.000 Y=-13860.000 Z=96.953) RuntimeGrid:None EditorOnly:0 RuntimeOnly:0 HLODRelevant:1
 |   |   |- [+] [ 13]
 |   |   |   |- Guid:E5A5DAC04C0FA2EE070D4489BF3CC0D6 BaseClass: NativeClass:/Script/Landscape.LandscapeStreamingProxy Name:LandscapeStreamingProxy_674METQ5NYCQUX6T1JWZB9QLS_126_1_0_0 Label:LandscapeStreamingProxy_1_0_0 SpatiallyLoaded:1 Bounds:IsValid=true, Min=(X=-21420.000 Y=-25200.000 Z=-861.406), Max=(X=-17640.000 Y=-21420.000 Z=96.953) RuntimeGrid:None EditorOnly:0 RuntimeOnly:0 HLODRelevant:1
 |   |   |- [+] [ 14]
 |   |   |   |- Guid:D08F15F1458A5E4935FDDDBAFDF3025E BaseClass: NativeClass:/Script/Landscape.LandscapeStreamingProxy Name:LandscapeStreamingProxy_674METQ5NYCQUX6T1JWZB9QLS_126_1_2_0 Label:LandscapeStreamingProxy_1_2_0 SpatiallyLoaded:1 Bounds:IsValid=true, Min=(X=-21420.000 Y=-17640.000 Z=-863.984), Max=(X=-17640.000 Y=-13860.000 Z=96.953) RuntimeGrid:None EditorOnly:0 RuntimeOnly:0 HLODRelevant:1
 |   |   |- [+] [ 15]
 |   |   |   |- Guid:211E223548081FEAAEEE558A9D49013F BaseClass: NativeClass:/Script/Landscape.LandscapeStreamingProxy Name:LandscapeStreamingProxy_674METQ5NYCQUX6T1JWZB9QLS_126_3_0_0 Label:LandscapeStreamingProxy_3_0_0 SpatiallyLoaded:1 Bounds:IsValid=true, Min=(X=-13860.000 Y=-25200.000 Z=95.312), Max=(X=-10080.000 Y=-21420.000 Z=96.953) RuntimeGrid:None EditorOnly:0 RuntimeOnly:0 HLODRelevant:1
 |   |   |- [+] [ 16]
 |   |   |   |- Guid:FFBC1DAD4AE9FD6275B76A9D7DBEBF3A BaseClass: NativeClass:/Script/Landscape.LandscapeStreamingProxy Name:LandscapeStreamingProxy_674METQ5NYCQUX6T1JWZB9QLS_126_3_3_0 Label:LandscapeStreamingProxy_3_3_0 SpatiallyLoaded:1 Bounds:IsValid=true, Min=(X=-13860.000 Y=-13860.000 Z=-690.781), Max=(X=-10080.000 Y=-10080.000 Z=289.375) RuntimeGrid:None EditorOnly:0 RuntimeOnly:0 HLODRelevant:1
 |   |   |- [+] [ 17]
 |   |   |   |- Guid:21ABCA6F4432B6FADF7054BF1621F25C BaseClass: NativeClass:/Script/Landscape.LandscapeStreamingProxy Name:LandscapeStreamingProxy_674METQ5NYCQUX6T1JWZB9QLS_126_1_3_0 Label:LandscapeStreamingProxy_1_3_0 SpatiallyLoaded:1 Bounds:IsValid=true, Min=(X=-21420.000 Y=-13860.000 Z=-1265.469), Max=(X=-17640.000 Y=-10080.000 Z=96.953) RuntimeGrid:None EditorOnly:0 RuntimeOnly:0 HLODRelevant:1
 |   |   |- [+] [ 18]
 |   |   |   |- Guid:AA5DC51F4732D67D3B8A6981225437BA BaseClass: NativeClass:/Script/Landscape.LandscapeStreamingProxy Name:LandscapeStreamingProxy_674METQ5NYCQUX6T1JWZB9QLS_126_3_-1_0 Label:LandscapeStreamingProxy_3_-1_0 SpatiallyLoaded:1 Bounds:IsValid=true, Min=(X=-13860.000 Y=-27090.000 Z=94.844), Max=(X=-10080.000 Y=-25200.000 Z=96.953) RuntimeGrid:None EditorOnly:0 RuntimeOnly:0 HLODRelevant:1
 |   |   |- [+] [ 19]
 |   |   |   |- Guid:9A22B9DB4306771D2BC290841B22BD7C BaseClass: NativeClass:/Script/Landscape.LandscapeStreamingProxy Name:LandscapeStreamingProxy_674METQ5NYCQUX6T1JWZB9QLS_126_2_-1_0 Label:LandscapeStreamingProxy_2_-1_0 SpatiallyLoaded:1 Bounds:IsValid=true, Min=(X=-17640.000 Y=-27090.000 Z=90.391), Max=(X=-13860.000 Y=-25200.000 Z=96.953) RuntimeGrid:None EditorOnly:0 RuntimeOnly:0 HLODRelevant:1
 |   |   |- [+] [ 20]
 |   |   |   |- Guid:A9D124754ED8993DA4CAC280F2D7C8F4 BaseClass: NativeClass:/Script/Landscape.LandscapeStreamingProxy Name:LandscapeStreamingProxy_674METQ5NYCQUX6T1JWZB9QLS_126_0_-1_0 Label:LandscapeStreamingProxy_0_-1_0 SpatiallyLoaded:1 Bounds:IsValid=true, Min=(X=-25200.000 Y=-27090.000 Z=-45.547), Max=(X=-21420.000 Y=-25200.000 Z=96.953) RuntimeGrid:None EditorOnly:0 RuntimeOnly:0 HLODRelevant:1
 |   |   |- [+] [ 21]
 |   |   |   |- Guid:E36FC3894647B109336C23AC5052A0DF BaseClass: NativeClass:/Script/Landscape.LandscapeStreamingProxy Name:LandscapeStreamingProxy_674METQ5NYCQUX6T1JWZB9QLS_126_1_-1_0 Label:LandscapeStreamingProxy_1_-1_0 SpatiallyLoaded:1 Bounds:IsValid=true, Min=(X=-21420.000 Y=-27090.000 Z=-424.297), Max=(X=-17640.000 Y=-25200.000 Z=96.953) RuntimeGrid:None EditorOnly:0 RuntimeOnly:0 HLODRelevant:1
 |   |   |- [+] [ 22]
 |   |   |   |- Guid:8A32B11F412C0D56360A82BD38E04F2C BaseClass: NativeClass:/Script/Engine.StaticMeshActor Name:StaticMeshActor_UAID_088FC330D3912B6301_1479135287 Label:Pillar SpatiallyLoaded:1 Bounds:IsValid=true, Min=(X=-11490.000 Y=-19810.000 Z=57.500), Max=(X=-11390.000 Y=-19710.000 Z=1682.500) RuntimeGrid:None EditorOnly:0 RuntimeOnly:0 HLODRelevant:1 FolderPath:Materials/Pillars FolderGuid:4C05D4A14B3A0138033E11ADD05942BC
 |   |   |- [+] [ 23]
 |   |   |   |- Guid:53D2CB6D4F56B9B7319B21BDDBDF70C6 BaseClass: NativeClass:/Script/Engine.SkyAtmosphere Name:SkyAtmosphere_UAID_088FC330D391286301_1886659747 Label:SkyAtmosphere SpatiallyLoaded:0 Bounds:IsValid=true, Min=(X=-5280.000 Y=-19730.000 Z=2470.000), Max=(X=-5280.000 Y=-19730.000 Z=2470.000) RuntimeGrid:None EditorOnly:0 RuntimeOnly:0 HLODRelevant:0 FolderPath:Sky Atmosphere FolderGuid:5C8AF7154F4F5CA6431AA1BF7EF7CB8C
 |   |   |- [+] [ 24]
 |   |   |   |- Guid:1231FC2E4BD7B4704F221D8F797BA063 BaseClass: NativeClass:/Script/Engine.VolumetricCloud Name:VolumetricCloud_UAID_088FC330D391286301_2025222750 Label:VolumetricCloud SpatiallyLoaded:0 Bounds:IsValid=true, Min=(X=-5930.000 Y=-19400.000 Z=1390.000), Max=(X=-5930.000 Y=-19400.000 Z=1390.000) RuntimeGrid:None EditorOnly:0 RuntimeOnly:0 HLODRelevant:0 FolderPath:Sky Atmosphere FolderGuid:5C8AF7154F4F5CA6431AA1BF7EF7CB8C
 |   |   |- [+] [ 25]
 |   |   |   |- Guid:4CBFB7C147C38B8C807EE0AFB7B68004 BaseClass: NativeClass:/Script/Engine.ExponentialHeightFog Name:ExponentialHeightFog_UAID_088FC330D391286301_2032221751 Label:ExponentialHeightFog SpatiallyLoaded:0 Bounds:IsValid=true, Min=(X=-5960.000 Y=-19180.000 Z=1350.000), Max=(X=-5960.000 Y=-19180.000 Z=1350.000) RuntimeGrid:None EditorOnly:0 RuntimeOnly:0 HLODRelevant:0 FolderPath:Sky Atmosphere FolderGuid:5C8AF7154F4F5CA6431AA1BF7EF7CB8C
 |   |   |- [+] [ 26]
 |   |   |   |- Guid:23C674144D9F435A844B7FA6C23FC5AA BaseClass: NativeClass:/Script/Engine.DirectionalLight Name:DirectionalLight_UAID_088FC330D391296301_1505398934 Label:DirectionalLight SpatiallyLoaded:0 Bounds:IsValid=true, Min=(X=-4398046511104.000 Y=-4398046511104.000 Z=-4398046511104.000), Max=(X=4398046511104.000 Y=4398046511104.000 Z=4398046511104.000) RuntimeGrid:None EditorOnly:0 RuntimeOnly:0 HLODRelevant:0 FolderPath:Sky Atmosphere FolderGuid:5C8AF7154F4F5CA6431AA1BF7EF7CB8C
 |   |   |- [+] [ 27]
 |   |   |   |- Guid:27895B384EBF333359E927BE98BDC3DF BaseClass: NativeClass:/Script/Engine.StaticMeshActor Name:StaticMeshActor_UAID_088FC330D3912B6301_1534299288 Label:Pillar4 SpatiallyLoaded:1 Bounds:IsValid=true, Min=(X=-12760.000 Y=-19810.000 Z=57.500), Max=(X=-12660.000 Y=-19710.000 Z=1682.500) RuntimeGrid:None EditorOnly:0 RuntimeOnly:0 HLODRelevant:1 FolderPath:Materials/Pillars FolderGuid:4C05D4A14B3A0138033E11ADD05942BC
 |   |   |- [+] [ 28]
 |   |   |   |- Guid:B0C9BD5E49BBF571B6235D855B88C2E5 BaseClass: NativeClass:/Script/Engine.StaticMeshActor Name:StaticMeshActor_UAID_088FC330D3912B6301_1573186289 Label:Pillar3 SpatiallyLoaded:1 Bounds:IsValid=true, Min=(X=-11490.000 Y=-22010.000 Z=57.500), Max=(X=-11390.000 Y=-21910.000 Z=1682.500) RuntimeGrid:None EditorOnly:0 RuntimeOnly:0 HLODRelevant:1 FolderPath:Materials/Pillars FolderGuid:4C05D4A14B3A0138033E11ADD05942BC
 |   |   |- [+] [ 29]
 |   |   |   |- Guid:8A50B96A4D0258251D36AB8BA69D1EAD BaseClass: NativeClass:/Script/Engine.StaticMeshActor Name:StaticMeshActor_UAID_088FC330D3912B6301_1580735290 Label:Pillar2 SpatiallyLoaded:1 Bounds:IsValid=true, Min=(X=-12780.000 Y=-22010.000 Z=57.500), Max=(X=-12680.000 Y=-21910.000 Z=1682.500) RuntimeGrid:None EditorOnly:0 RuntimeOnly:0 HLODRelevant:1 FolderPath:Materials/Pillars FolderGuid:4C05D4A14B3A0138033E11ADD05942BC
 |   |   |- [+] [ 30]
 |   |   |   |- Guid:ED94650748265A7A3CA79C886CA4F441 BaseClass: NativeClass:/Script/Engine.StaticMeshActor Name:StaticMeshActor_UAID_088FC330D3912B6301_1712486293 Label:Cube5 SpatiallyLoaded:1 Bounds:IsValid=true, Min=(X=-12252.078 Y=-19923.893 Z=849.743), Max=(X=-12107.922 Y=-18555.372 Z=967.437) RuntimeGrid:None EditorOnly:0 RuntimeOnly:0 HLODRelevant:1 FolderPath:Materials/Planks FolderGuid:6FC8F41C40C3668043203E9993B3778A
 |   |   |- [+] [ 31]
 |   |   |   |- Guid:409B195D4627539F47CF50B97D2E2B52 BaseClass: NativeClass:/Script/Engine.StaticMeshActor Name:StaticMeshActor_UAID_088FC330D3912C6301_1745813472 Label:Cube6 SpatiallyLoaded:1 Bounds:IsValid=true, Min=(X=-12805.945 Y=-21906.744 Z=872.283), Max=(X=-11396.354 Y=-19822.741 Z=934.318) RuntimeGrid:None EditorOnly:0 RuntimeOnly:0 HLODRelevant:1 FolderPath:Materials/Floor FolderGuid:17555D9F4C6BE16FD635BBA38BFF3361
 |   |   |- [+] [ 32]
 |   |   |   |- Guid:8ED771374D9DADEEF15F13930DFE5C7C BaseClass: NativeClass:/Script/Engine.StaticMeshActor Name:StaticMeshActor_UAID_088FC330D3912D6301_1113715649 Label:Cube SpatiallyLoaded:1 Bounds:IsValid=true, Min=(X=-12759.550 Y=-21592.448 Z=933.156), Max=(X=-12411.291 Y=-21343.970 Z=1030.913) RuntimeGrid:None EditorOnly:0 RuntimeOnly:0 HLODRelevant:1 FolderPath:Materials/Stairs FolderGuid:5FE2DF254CE9BD910448D0A51D1F549E
 |   |   |- [+] [ 33]
 |   |   |   |- Guid:3BACC18443F7EC914945FBAC462EAD4B BaseClass: NativeClass:/Script/Engine.StaticMeshActor Name:StaticMeshActor_UAID_088FC330D3912D6301_1205502650 Label:Cube2 SpatiallyLoaded:1 Bounds:IsValid=true, Min=(X=-12759.550 Y=-21838.958 Z=932.249), Max=(X=-12411.291 Y=-21590.481 Z=1156.089) RuntimeGrid:None EditorOnly:0 RuntimeOnly:0 HLODRelevant:1 FolderPath:Materials/Stairs FolderGuid:5FE2DF254CE9BD910448D0A51D1F549E
 |   |   |- [+] [ 34]
 |   |   |   |- Guid:9212F8114C33E140EB8ADFBC89517B1B BaseClass: NativeClass:/Script/Engine.StaticMeshActor Name:StaticMeshActor_UAID_088FC330D3912D6301_1318754651 Label:Cube3 SpatiallyLoaded:1 Bounds:IsValid=true, Min=(X=-12040.189 Y=-21838.958 Z=932.369), Max=(X=-11747.441 Y=-21590.481 Z=1147.692) RuntimeGrid:None EditorOnly:0 RuntimeOnly:0 HLODRelevant:1 FolderPath:Materials/Stairs FolderGuid:5FE2DF254CE9BD910448D0A51D1F549E
 |- ContainerInstances:
 |- [+] MainContainer:
 |   |-        ID: 0x0000000000000000
 |   |-    Bounds: IsValid=true, Min=(X=-25200.000 Y=-27090.000 Z=-1265.469), Max=(X=-10080.000 Y=-10080.000 Z=1682.500)
 |   |- Transform: 0.000000,0.000000,0.000000|0.000000,0.000000,-0.000000|1.000000,1.000000,1.000000
 |   |- Container: /Game/Levels/Construction_Site
----------------------------------------------------------------------------------------------------------------
Construction_Site - Persistent Level
----------------------------------------------------------------------------------------------------------------
Always loaded Actor Count: 42 

----------------------------------------------------------------------------------------------------------------
Construction_Site - Runtime Spatial Hash - Streaming Grid - MainGrid
----------------------------------------------------------------------------------------------------------------
            Origin: X=0.000 Y=0.000 Z=0.000
         Cell Size: 12800
      World Bounds: IsValid=true, Min=(X=-25200.000 Y=-27090.000 Z=-1265.469), Max=(X=-10080.000 Y=-10080.000 Z=1682.500)
     Loading Range: 25600.00
Block Slow Loading: No
 ClientOnlyVisible: No

[+] Grid Levels: 4
 |- Level  0: Cell Count    6 | Cell Size   12800 | Actor Count   28 (96.6%)
 |- Level  1: Cell Count    1 | Cell Size   25600 | Actor Count    1 (3.4%)
 |- Level  2: Cell Count    0 | Cell Size   51200 | Actor Count    0 (0.0%)
 |- Level  3: Cell Count    0 | Cell Size  102400 | Actor Count    0 (0.0%)

[+] Content of Grid Level 0
 |- [+] Content of Cell MainGrid_L0_X-1_Y-2
 |   |- Actor Count: 11
 |   |- MinMaxZ: X=-635.000 Y=1682.500
 |   |- Actor Path: /Game/Levels/Construction_Site.Construction_Site:PersistentLevel.LandscapeStreamingProxy_674METQ5NYCQUX6T1JWZB9QLS_126_3_1_0
 |   |- Actor Package: /Game/__ExternalActors__/Levels/Construction_Site/3/92/E7QYFUQAGP4HSBU80IJ1YA
 |   |- Actor Path: /Game/Levels/Construction_Site.Construction_Site:PersistentLevel.LandscapeStreamingProxy_674METQ5NYCQUX6T1JWZB9QLS_126_3_2_0
 |   |- Actor Package: /Game/__ExternalActors__/Levels/Construction_Site/B/S0/FMKC5G5VUIN19KOWPUMJG1
 |   |- Actor Path: /Game/Levels/Construction_Site.Construction_Site:PersistentLevel.LandscapeStreamingProxy_674METQ5NYCQUX6T1JWZB9QLS_126_3_0_0
 |   |- Actor Package: /Game/__ExternalActors__/Levels/Construction_Site/D/RN/45HT476YZEQAH54K3TQHK3
 |   |- Actor Path: /Game/Levels/Construction_Site.Construction_Site:PersistentLevel.StaticMeshActor_UAID_088FC330D3912B6301_1479135287
 |   |- Actor Package: /Game/__ExternalActors__/Levels/Construction_Site/7/VU/O25A0JSZGM04XDC4JKE3SM
 |   |- Actor Path: /Game/Levels/Construction_Site.Construction_Site:PersistentLevel.StaticMeshActor_UAID_088FC330D3912B6301_1534299288
 |   |- Actor Package: /Game/__ExternalActors__/Levels/Construction_Site/3/K4/IZLJRFJR5XJOZD2RM6LRP9
 |   |- Actor Path: /Game/Levels/Construction_Site.Construction_Site:PersistentLevel.StaticMeshActor_UAID_088FC330D3912B6301_1573186289
 |   |- Actor Package: /Game/__ExternalActors__/Levels/Construction_Site/8/XS/33SF6UHUCNUS2PHSDYJRHU
 |   |- Actor Path: /Game/Levels/Construction_Site.Construction_Site:PersistentLevel.StaticMeshActor_UAID_088FC330D3912B6301_1580735290
 |   |- Actor Package: /Game/__ExternalActors__/Levels/Construction_Site/0/P0/XHYGR18RKVGEJHLNSV7X2W
 |   |- Actor Path: /Game/Levels/Construction_Site.Construction_Site:PersistentLevel.StaticMeshActor_UAID_088FC330D3912B6301_1712486293
 |   |- Actor Package: /Game/__ExternalActors__/Levels/Construction_Site/9/OP/F76HS5U59MKF32NG0FBIDU
 |   |- Actor Path: /Game/Levels/Construction_Site.Construction_Site:PersistentLevel.StaticMeshActor_UAID_088FC330D3912D6301_1113715649
 |   |- Actor Package: /Game/__ExternalActors__/Levels/Construction_Site/0/LH/4234TD1S9Z6AH4UP4D4857
 |   |- Actor Path: /Game/Levels/Construction_Site.Construction_Site:PersistentLevel.StaticMeshActor_UAID_088FC330D3912D6301_1205502650
 |   |- Actor Package: /Game/__ExternalActors__/Levels/Construction_Site/B/HG/BDL4ORG1AP3MSPWYPNCL3P
 |   |- Actor Path: /Game/Levels/Construction_Site.Construction_Site:PersistentLevel.StaticMeshActor_UAID_088FC330D3912D6301_1318754651
 |   |- Actor Package: /Game/__ExternalActors__/Levels/Construction_Site/B/D8/X7KJ126QI1UBIBFPTH1P0G
 |- [+] Content of Cell MainGrid_L0_X-2_Y-1
 |   |- Actor Count: 3
 |   |- MinMaxZ: X=-1265.469 Y=96.953
 |   |- Actor Path: /Game/Levels/Construction_Site.Construction_Site:PersistentLevel.LandscapeStreamingProxy_674METQ5NYCQUX6T1JWZB9QLS_126_2_3_0
 |   |- Actor Package: /Game/__ExternalActors__/Levels/Construction_Site/3/QK/2W8UGZ2IHXOOOZZ3JH5B4J
 |   |- Actor Path: /Game/Levels/Construction_Site.Construction_Site:PersistentLevel.LandscapeStreamingProxy_674METQ5NYCQUX6T1JWZB9QLS_126_0_3_0
 |   |- Actor Package: /Game/__ExternalActors__/Levels/Construction_Site/4/AO/IQPLZ4M2JG1D0BYIR9MWEN
 |   |- Actor Path: /Game/Levels/Construction_Site.Construction_Site:PersistentLevel.LandscapeStreamingProxy_674METQ5NYCQUX6T1JWZB9QLS_126_1_3_0
 |   |- Actor Package: /Game/__ExternalActors__/Levels/Construction_Site/E/L6/0LKK8QNI6SQSESXK5VWXOF
 |- [+] Content of Cell MainGrid_L0_X-2_Y-2
 |   |- Actor Count: 9
 |   |- MinMaxZ: X=-897.500 Y=292.188
 |   |- Actor Path: /Game/Levels/Construction_Site.Construction_Site:PersistentLevel.LandscapeStreamingProxy_674METQ5NYCQUX6T1JWZB9QLS_126_1_1_0
 |   |- Actor Package: /Game/__ExternalActors__/Levels/Construction_Site/4/6Q/SK1B6Y9LTDGZR4QE42I6FP
 |   |- Actor Path: /Game/Levels/Construction_Site.Construction_Site:PersistentLevel.LandscapeStreamingProxy_674METQ5NYCQUX6T1JWZB9QLS_126_2_2_0
 |   |- Actor Package: /Game/__ExternalActors__/Levels/Construction_Site/6/G5/IDQOKB2XT303W1L0MTB44L
 |   |- Actor Path: /Game/Levels/Construction_Site.Construction_Site:PersistentLevel.LandscapeStreamingProxy_674METQ5NYCQUX6T1JWZB9QLS_126_0_0_0
 |   |- Actor Package: /Game/__ExternalActors__/Levels/Construction_Site/A/CB/J66F6N0KB2AMR8FGHDHS6T
 |   |- Actor Path: /Game/Levels/Construction_Site.Construction_Site:PersistentLevel.LandscapeStreamingProxy_674METQ5NYCQUX6T1JWZB9QLS_126_2_1_0
 |   |- Actor Package: /Game/__ExternalActors__/Levels/Construction_Site/A/RZ/R8526A0D2D06QHETYOO3N2
 |   |- Actor Path: /Game/Levels/Construction_Site.Construction_Site:PersistentLevel.LandscapeStreamingProxy_674METQ5NYCQUX6T1JWZB9QLS_126_2_0_0
 |   |- Actor Package: /Game/__ExternalActors__/Levels/Construction_Site/B/LC/QRZZ1LKTPZMPH9QLPHHDEP
 |   |- Actor Path: /Game/Levels/Construction_Site.Construction_Site:PersistentLevel.LandscapeStreamingProxy_674METQ5NYCQUX6T1JWZB9QLS_126_0_1_0
 |   |- Actor Package: /Game/__ExternalActors__/Levels/Construction_Site/B/TW/A8GTYPK5DHT83W4CTJ7WUJ
 |   |- Actor Path: /Game/Levels/Construction_Site.Construction_Site:PersistentLevel.LandscapeStreamingProxy_674METQ5NYCQUX6T1JWZB9QLS_126_0_2_0
 |   |- Actor Package: /Game/__ExternalActors__/Levels/Construction_Site/D/1O/N11ZUHKVJ22V1O117LMMZW
 |   |- Actor Path: /Game/Levels/Construction_Site.Construction_Site:PersistentLevel.LandscapeStreamingProxy_674METQ5NYCQUX6T1JWZB9QLS_126_1_0_0
 |   |- Actor Package: /Game/__ExternalActors__/Levels/Construction_Site/D/PB/XH4RPWBXKNW9TANU5QF5SJ
 |   |- Actor Path: /Game/Levels/Construction_Site.Construction_Site:PersistentLevel.LandscapeStreamingProxy_674METQ5NYCQUX6T1JWZB9QLS_126_1_2_0
 |   |- Actor Package: /Game/__ExternalActors__/Levels/Construction_Site/D/RB/X7S0SHDH8UKTJ50HFC6ROS
 |- [+] Content of Cell MainGrid_L0_X-1_Y-1
 |   |- Actor Count: 1
 |   |- MinMaxZ: X=-690.781 Y=289.375
 |   |- Actor Path: /Game/Levels/Construction_Site.Construction_Site:PersistentLevel.LandscapeStreamingProxy_674METQ5NYCQUX6T1JWZB9QLS_126_3_3_0
 |   |- Actor Package: /Game/__ExternalActors__/Levels/Construction_Site/D/ZC/48OAF5B40LVJMHZ9LG7YLI
 |- [+] Content of Cell MainGrid_L0_X-1_Y-3
 |   |- Actor Count: 1
 |   |- MinMaxZ: X=94.844 Y=96.953
 |   |- Actor Path: /Game/Levels/Construction_Site.Construction_Site:PersistentLevel.LandscapeStreamingProxy_674METQ5NYCQUX6T1JWZB9QLS_126_3_-1_0
 |   |- Actor Package: /Game/__ExternalActors__/Levels/Construction_Site/4/OG/RNWWIB2WMRCGHNC0S73W2O
 |- [+] Content of Cell MainGrid_L0_X-2_Y-3
 |   |- Actor Count: 3
 |   |- MinMaxZ: X=-424.297 Y=96.953
 |   |- Actor Path: /Game/Levels/Construction_Site.Construction_Site:PersistentLevel.LandscapeStreamingProxy_674METQ5NYCQUX6T1JWZB9QLS_126_2_-1_0
 |   |- Actor Package: /Game/__ExternalActors__/Levels/Construction_Site/E/YS/RSANS0PLFL1J6FWG1M0J66
 |   |- Actor Path: /Game/Levels/Construction_Site.Construction_Site:PersistentLevel.LandscapeStreamingProxy_674METQ5NYCQUX6T1JWZB9QLS_126_0_-1_0
 |   |- Actor Package: /Game/__ExternalActors__/Levels/Construction_Site/0/JM/CYJH97OIKLLQSNDSUUXT8N
 |   |- Actor Path: /Game/Levels/Construction_Site.Construction_Site:PersistentLevel.LandscapeStreamingProxy_674METQ5NYCQUX6T1JWZB9QLS_126_1_-1_0
 |   |- Actor Package: /Game/__ExternalActors__/Levels/Construction_Site/E/8E/P58QAJFQ3MH1PTAW1PLK5G
[+] Content of Grid Level 1
 |- [+] Content of Cell MainGrid_L1_X-1_Y-1
 |   |- Actor Count: 1
 |   |- MinMaxZ: X=872.283 Y=934.318
 |   |- Actor Path: /Game/Levels/Construction_Site.Construction_Site:PersistentLevel.StaticMeshActor_UAID_088FC330D3912C6301_1745813472
 |   |- Actor Package: /Game/__ExternalActors__/Levels/Construction_Site/8/IL/4DCW86GKLCU4X16KUBNEIZ
[+] Content of Grid Level 2
[+] Content of Grid Level 3

